The system is: Linux - 3.10.0-693.17.1.el6.x86_64 - x86_64
Compiling the C compiler identification source file "CMakeCCompilerId.c" succeeded.
Compiler: /apps/intel-ct/cc-wrapper/icc 
Build flags: 
Id flags:  

The output was:
0


Compilation of the C compiler identification source "CMakeCCompilerId.c" produced "a.out"

The C compiler identification is Intel, found in "/home/595/cxj595/thesis/GAP/CMakeFiles/3.8.2/CompilerIdC/a.out"

Compiling the CXX compiler identification source file "CMakeCXXCompilerId.cpp" succeeded.
Compiler: /apps/intel-ct/cc-wrapper/icpc 
Build flags: 
Id flags:  

The output was:
0


Compilation of the CXX compiler identification source "CMakeCXXCompilerId.cpp" produced "a.out"

The CXX compiler identification is Intel, found in "/home/595/cxj595/thesis/GAP/CMakeFiles/3.8.2/CompilerIdCXX/a.out"

Determining if the C compiler works passed with the following output:
Change Dir: /home/595/cxj595/thesis/GAP/CMakeFiles/CMakeTmp

Run Build Command:"/usr/bin/gmake" "cmTC_3c91c/fast"
/usr/bin/gmake -f CMakeFiles/cmTC_3c91c.dir/build.make CMakeFiles/cmTC_3c91c.dir/build
gmake[1]: Entering directory `/home/595/cxj595/thesis/GAP/CMakeFiles/CMakeTmp'
Building C object CMakeFiles/cmTC_3c91c.dir/testCCompiler.c.o
/apps/intel-ct/cc-wrapper/icc    -o CMakeFiles/cmTC_3c91c.dir/testCCompiler.c.o   -c /home/595/cxj595/thesis/GAP/CMakeFiles/CMakeTmp/testCCompiler.c
Linking C executable cmTC_3c91c
/apps/CMake/3.8.2/bin/cmake -E cmake_link_script CMakeFiles/cmTC_3c91c.dir/link.txt --verbose=1
/apps/intel-ct/cc-wrapper/icc      CMakeFiles/cmTC_3c91c.dir/testCCompiler.c.o  -o cmTC_3c91c 
gmake[1]: Leaving directory `/home/595/cxj595/thesis/GAP/CMakeFiles/CMakeTmp'


Detecting C compiler ABI info compiled with the following output:
Change Dir: /home/595/cxj595/thesis/GAP/CMakeFiles/CMakeTmp

Run Build Command:"/usr/bin/gmake" "cmTC_65902/fast"
/usr/bin/gmake -f CMakeFiles/cmTC_65902.dir/build.make CMakeFiles/cmTC_65902.dir/build
gmake[1]: Entering directory `/home/595/cxj595/thesis/GAP/CMakeFiles/CMakeTmp'
Building C object CMakeFiles/cmTC_65902.dir/CMakeCCompilerABI.c.o
/apps/intel-ct/cc-wrapper/icc    -o CMakeFiles/cmTC_65902.dir/CMakeCCompilerABI.c.o   -c /apps/CMake/3.8.2/share/cmake-3.8/Modules/CMakeCCompilerABI.c
Linking C executable cmTC_65902
/apps/CMake/3.8.2/bin/cmake -E cmake_link_script CMakeFiles/cmTC_65902.dir/link.txt --verbose=1
/apps/intel-ct/cc-wrapper/icc     -v CMakeFiles/cmTC_65902.dir/CMakeCCompilerABI.c.o  -o cmTC_65902 
icc version 12.1.3 (gcc version 4.4.7 compatibility)
/apps/intel-ct/composer_xe_2011_sp1.9.293/bin/intel64/mcpcom    -mP1OPT_version=12.1-intel64 -mGLOB_diag_file=CMakeFiles/cmTC_65902.dir/CMakeCCompilerABI.c.diag -mP1OPT_print_version=FALSE -mCG_use_gas_got_workaround=F -mP2OPT_align_option_used=TRUE -mGLOB_gcc_version=447 "-mGLOB_options_string=-v -o cmTC_65902" -mGLOB_cxx_limited_range=FALSE -mCG_extend_parms=FALSE -mGLOB_as_output_backup_file_name=/short/c38/cxj595/tmp/iccsNmMRJas_.s -mIPOPT_activate -mGLOB_machine_model=GLOB_MACHINE_MODEL_EFI2 -mGLOB_product_id_code=0x22006d8e -mCG_bnl_movbe=T -mP3OPT_use_mspp_call_convention -mPGOPTI_value_profile_use=T -mP2OPT_il0_array_sections=TRUE -mP2OPT_hlo -mP2OPT_hpo_rtt_control=0 -mIPOPT_args_in_regs=0 -mP2OPT_disam_assume_nonstd_intent_in=FALSE -mGLOB_imf_mapping_library=/apps/intel-ct/composer_xe_2011_sp1.9.293/bin/intel64/libiml_attr.so -mIPOPT_link -mIPOPT_ipo_activate -mIPOPT_mo_activate -mIPOPT_source_files_list=/short/c38/cxj595/tmp/iccD82ueaslis -mIPOPT_mo_global_data -mIPOPT_link_script_file=/short/c38/cxj595/tmp/icc4bPr6lscript "-mIPOPT_link_version=2.20.51.0.2-5.47.el6_9.1 20100205" "-mIPOPT_cmdline_link="/plush/dugong/usr/bin/../lib/gcc/x86_64-redhat-linux/4.4.7/../../../../lib64/crt1.o" "/plush/dugong/usr/bin/../lib/gcc/x86_64-redhat-linux/4.4.7/../../../../lib64/crti.o" "/plush/dugong/usr/bin/../lib/gcc/x86_64-redhat-linux/4.4.7/crtbegin.o" "--eh-frame-hdr" "--build-id" "-dynamic-linker" "/lib64/ld-linux-x86-64.so.2" "-o" "cmTC_65902" "-L/apps/openmpi/1.6.3/lib/Intel" "-L/apps/openmpi/1.6.3/lib" "-L/apps/openmpi/1.6.3/lib/profilers" "-L/apps/intel-ct/12.1.9.293/cc/lib/intel64" "-L/apps/intel-ct/12.1.9.293/fc/lib/intel64" "-L/apps/intel-ct/composer_xe_2011_sp1.9.293/compiler/lib/intel64" "-L/plush/dugong/usr/bin/../lib/gcc/x86_64-redhat-linux/4.4.7" "-L/plush/dugong/usr/bin/../lib/gcc" "-L/usr/lib/gcc/x86_64-redhat-linux/4.4.7" "-L/plush/dugong/usr/bin/../lib/gcc/x86_64-redhat-linux/4.4.7/../../../../lib64" "-L/lib/../lib64" "-L/usr/lib/../lib64" "-L/apps/openmpi/1.6.3/lib/Intel" "-L/apps/openmpi/1.6.3/lib/GNU" "-L/apps/openmpi/1.6.3/lib" "-L/apps/openmpi/1.6.3/lib/profilers" "-L/apps/intel-ct/12.1.9.293/cc/lib/intel64" "-L/apps/intel-ct/12.1.9.293/fc/lib/intel64" "-L/plush/dugong/usr/bin/../lib/gcc/x86_64-redhat-linux/4.4.7/../../.." "-L/lib64" "-L/lib" "-L/usr/lib64" "-L/usr/lib" "CMakeFiles/cmTC_65902.dir/CMakeCCompilerABI.c.o" "-Bstatic" "-limf" "-lsvml" "-Bdynamic" "-lm" "-Bstatic" "-lipgo" "-ldecimal" "--as-needed" "-Bdynamic" "-lcilkrts" "-lstdc++" "--no-as-needed" "-lgcc" "-lgcc_s" "-Bstatic" "-lirc" "-Bdynamic" "-lc" "-lgcc" "-lgcc_s" "-Bstatic" "-lirc_s" "-Bdynamic" "-ldl" "-lc" "/plush/dugong/usr/bin/../lib/gcc/x86_64-redhat-linux/4.4.7/crtend.o" "/plush/dugong/usr/bin/../lib/gcc/x86_64-redhat-linux/4.4.7/../../../../lib64/crtn.o"" -mIPOPT_il_in_obj -mIPOPT_ipo_activate_warn=FALSE -mIPOPT_obj_output_file_name=/short/c38/cxj595/tmp/ipo_icc2g2t30.o "-mGLOB_linker_version=2.20.51.0.2-5.47.el6_9.1 20100205" -mGLOB_long_size_64 -mGLOB_routine_pointer_size_64 -mP3OPT_asm_target=P3OPT_ASM_TARGET_GAS -mGLOB_async_unwind_tables=TRUE -mGLOB_obj_output_file=/short/c38/cxj595/tmp/ipo_icc2g2t30.o -mGLOB_source_dialect=GLOB_SOURCE_DIALECT_NONE -mP1OPT_source_file_name=ipo_out.c CMakeFiles/cmTC_65902.dir/CMakeCCompilerABI.c.o -mIPOPT_object_files=/short/c38/cxj595/tmp/iccPd0EUcolis -mIPOPT_assembly_files=/short/c38/cxj595/tmp/icc9tmYLoalis -mIPOPT_generated_tempfiles=/short/c38/cxj595/tmp/iccwlSpDAelis -mIPOPT_embedded_object_base_name=/short/c38/cxj595/tmp/iccAJ6YuMeobj -mIPOPT_cmdline_link_new_name=/short/c38/cxj595/tmp/icc1b8FmYllis
ld    /plush/dugong/usr/bin/../lib/gcc/x86_64-redhat-linux/4.4.7/../../../../lib64/crt1.o /plush/dugong/usr/bin/../lib/gcc/x86_64-redhat-linux/4.4.7/../../../../lib64/crti.o /plush/dugong/usr/bin/../lib/gcc/x86_64-redhat-linux/4.4.7/crtbegin.o --eh-frame-hdr --build-id -dynamic-linker /lib64/ld-linux-x86-64.so.2 -o cmTC_65902 -L/apps/openmpi/1.6.3/lib/Intel -L/apps/openmpi/1.6.3/lib -L/apps/openmpi/1.6.3/lib/profilers -L/apps/intel-ct/12.1.9.293/cc/lib/intel64 -L/apps/intel-ct/12.1.9.293/fc/lib/intel64 -L/apps/intel-ct/composer_xe_2011_sp1.9.293/compiler/lib/intel64 -L/plush/dugong/usr/bin/../lib/gcc/x86_64-redhat-linux/4.4.7 -L/plush/dugong/usr/bin/../lib/gcc -L/usr/lib/gcc/x86_64-redhat-linux/4.4.7 -L/plush/dugong/usr/bin/../lib/gcc/x86_64-redhat-linux/4.4.7/../../../../lib64 -L/lib/../lib64 -L/usr/lib/../lib64 -L/apps/openmpi/1.6.3/lib/Intel -L/apps/openmpi/1.6.3/lib/GNU -L/apps/openmpi/1.6.3/lib -L/apps/openmpi/1.6.3/lib/profilers -L/apps/intel-ct/12.1.9.293/cc/lib/intel64 -L/apps/intel-ct/12.1.9.293/fc/lib/intel64 -L/plush/dugong/usr/bin/../lib/gcc/x86_64-redhat-linux/4.4.7/../../.. -L/lib64 -L/lib -L/usr/lib64 -L/usr/lib CMakeFiles/cmTC_65902.dir/CMakeCCompilerABI.c.o -Bstatic -limf -lsvml -Bdynamic -lm -Bstatic -lipgo -ldecimal --as-needed -Bdynamic -lcilkrts -lstdc++ --no-as-needed -lgcc -lgcc_s -Bstatic -lirc -Bdynamic -lc -lgcc -lgcc_s -Bstatic -lirc_s -Bdynamic -ldl -lc /plush/dugong/usr/bin/../lib/gcc/x86_64-redhat-linux/4.4.7/crtend.o /plush/dugong/usr/bin/../lib/gcc/x86_64-redhat-linux/4.4.7/../../../../lib64/crtn.o
gmake[1]: Leaving directory `/home/595/cxj595/thesis/GAP/CMakeFiles/CMakeTmp'


Parsed C implicit link information from above output:
  link line regex: [^( *|.*[/\])(ld|([^/\]+-)?ld|collect2)[^/\]*( |$)]
  ignore line: [Change Dir: /home/595/cxj595/thesis/GAP/CMakeFiles/CMakeTmp]
  ignore line: []
  ignore line: [Run Build Command:"/usr/bin/gmake" "cmTC_65902/fast"]
  ignore line: [/usr/bin/gmake -f CMakeFiles/cmTC_65902.dir/build.make CMakeFiles/cmTC_65902.dir/build]
  ignore line: [gmake[1]: Entering directory `/home/595/cxj595/thesis/GAP/CMakeFiles/CMakeTmp']
  ignore line: [Building C object CMakeFiles/cmTC_65902.dir/CMakeCCompilerABI.c.o]
  ignore line: [/apps/intel-ct/cc-wrapper/icc    -o CMakeFiles/cmTC_65902.dir/CMakeCCompilerABI.c.o   -c /apps/CMake/3.8.2/share/cmake-3.8/Modules/CMakeCCompilerABI.c]
  ignore line: [Linking C executable cmTC_65902]
  ignore line: [/apps/CMake/3.8.2/bin/cmake -E cmake_link_script CMakeFiles/cmTC_65902.dir/link.txt --verbose=1]
  ignore line: [/apps/intel-ct/cc-wrapper/icc     -v CMakeFiles/cmTC_65902.dir/CMakeCCompilerABI.c.o  -o cmTC_65902 ]
  ignore line: [icc version 12.1.3 (gcc version 4.4.7 compatibility)]
  ignore line: [/apps/intel-ct/composer_xe_2011_sp1.9.293/bin/intel64/mcpcom    -mP1OPT_version=12.1-intel64 -mGLOB_diag_file=CMakeFiles/cmTC_65902.dir/CMakeCCompilerABI.c.diag -mP1OPT_print_version=FALSE -mCG_use_gas_got_workaround=F -mP2OPT_align_option_used=TRUE -mGLOB_gcc_version=447 "-mGLOB_options_string=-v -o cmTC_65902" -mGLOB_cxx_limited_range=FALSE -mCG_extend_parms=FALSE -mGLOB_as_output_backup_file_name=/short/c38/cxj595/tmp/iccsNmMRJas_.s -mIPOPT_activate -mGLOB_machine_model=GLOB_MACHINE_MODEL_EFI2 -mGLOB_product_id_code=0x22006d8e -mCG_bnl_movbe=T -mP3OPT_use_mspp_call_convention -mPGOPTI_value_profile_use=T -mP2OPT_il0_array_sections=TRUE -mP2OPT_hlo -mP2OPT_hpo_rtt_control=0 -mIPOPT_args_in_regs=0 -mP2OPT_disam_assume_nonstd_intent_in=FALSE -mGLOB_imf_mapping_library=/apps/intel-ct/composer_xe_2011_sp1.9.293/bin/intel64/libiml_attr.so -mIPOPT_link -mIPOPT_ipo_activate -mIPOPT_mo_activate -mIPOPT_source_files_list=/short/c38/cxj595/tmp/iccD82ueaslis -mIPOPT_mo_global_data -mIPOPT_link_script_file=/short/c38/cxj595/tmp/icc4bPr6lscript "-mIPOPT_link_version=2.20.51.0.2-5.47.el6_9.1 20100205" "-mIPOPT_cmdline_link="/plush/dugong/usr/bin/../lib/gcc/x86_64-redhat-linux/4.4.7/../../../../lib64/crt1.o" "/plush/dugong/usr/bin/../lib/gcc/x86_64-redhat-linux/4.4.7/../../../../lib64/crti.o" "/plush/dugong/usr/bin/../lib/gcc/x86_64-redhat-linux/4.4.7/crtbegin.o" "--eh-frame-hdr" "--build-id" "-dynamic-linker" "/lib64/ld-linux-x86-64.so.2" "-o" "cmTC_65902" "-L/apps/openmpi/1.6.3/lib/Intel" "-L/apps/openmpi/1.6.3/lib" "-L/apps/openmpi/1.6.3/lib/profilers" "-L/apps/intel-ct/12.1.9.293/cc/lib/intel64" "-L/apps/intel-ct/12.1.9.293/fc/lib/intel64" "-L/apps/intel-ct/composer_xe_2011_sp1.9.293/compiler/lib/intel64" "-L/plush/dugong/usr/bin/../lib/gcc/x86_64-redhat-linux/4.4.7" "-L/plush/dugong/usr/bin/../lib/gcc" "-L/usr/lib/gcc/x86_64-redhat-linux/4.4.7" "-L/plush/dugong/usr/bin/../lib/gcc/x86_64-redhat-linux/4.4.7/../../../../lib64" "-L/lib/../lib64" "-L/usr/lib/../lib64" "-L/apps/openmpi/1.6.3/lib/Intel" "-L/apps/openmpi/1.6.3/lib/GNU" "-L/apps/openmpi/1.6.3/lib" "-L/apps/openmpi/1.6.3/lib/profilers" "-L/apps/intel-ct/12.1.9.293/cc/lib/intel64" "-L/apps/intel-ct/12.1.9.293/fc/lib/intel64" "-L/plush/dugong/usr/bin/../lib/gcc/x86_64-redhat-linux/4.4.7/../../.." "-L/lib64" "-L/lib" "-L/usr/lib64" "-L/usr/lib" "CMakeFiles/cmTC_65902.dir/CMakeCCompilerABI.c.o" "-Bstatic" "-limf" "-lsvml" "-Bdynamic" "-lm" "-Bstatic" "-lipgo" "-ldecimal" "--as-needed" "-Bdynamic" "-lcilkrts" "-lstdc++" "--no-as-needed" "-lgcc" "-lgcc_s" "-Bstatic" "-lirc" "-Bdynamic" "-lc" "-lgcc" "-lgcc_s" "-Bstatic" "-lirc_s" "-Bdynamic" "-ldl" "-lc" "/plush/dugong/usr/bin/../lib/gcc/x86_64-redhat-linux/4.4.7/crtend.o" "/plush/dugong/usr/bin/../lib/gcc/x86_64-redhat-linux/4.4.7/../../../../lib64/crtn.o"" -mIPOPT_il_in_obj -mIPOPT_ipo_activate_warn=FALSE -mIPOPT_obj_output_file_name=/short/c38/cxj595/tmp/ipo_icc2g2t30.o "-mGLOB_linker_version=2.20.51.0.2-5.47.el6_9.1 20100205" -mGLOB_long_size_64 -mGLOB_routine_pointer_size_64 -mP3OPT_asm_target=P3OPT_ASM_TARGET_GAS -mGLOB_async_unwind_tables=TRUE -mGLOB_obj_output_file=/short/c38/cxj595/tmp/ipo_icc2g2t30.o -mGLOB_source_dialect=GLOB_SOURCE_DIALECT_NONE -mP1OPT_source_file_name=ipo_out.c CMakeFiles/cmTC_65902.dir/CMakeCCompilerABI.c.o -mIPOPT_object_files=/short/c38/cxj595/tmp/iccPd0EUcolis -mIPOPT_assembly_files=/short/c38/cxj595/tmp/icc9tmYLoalis -mIPOPT_generated_tempfiles=/short/c38/cxj595/tmp/iccwlSpDAelis -mIPOPT_embedded_object_base_name=/short/c38/cxj595/tmp/iccAJ6YuMeobj -mIPOPT_cmdline_link_new_name=/short/c38/cxj595/tmp/icc1b8FmYllis]
  link line: [ld    /plush/dugong/usr/bin/../lib/gcc/x86_64-redhat-linux/4.4.7/../../../../lib64/crt1.o /plush/dugong/usr/bin/../lib/gcc/x86_64-redhat-linux/4.4.7/../../../../lib64/crti.o /plush/dugong/usr/bin/../lib/gcc/x86_64-redhat-linux/4.4.7/crtbegin.o --eh-frame-hdr --build-id -dynamic-linker /lib64/ld-linux-x86-64.so.2 -o cmTC_65902 -L/apps/openmpi/1.6.3/lib/Intel -L/apps/openmpi/1.6.3/lib -L/apps/openmpi/1.6.3/lib/profilers -L/apps/intel-ct/12.1.9.293/cc/lib/intel64 -L/apps/intel-ct/12.1.9.293/fc/lib/intel64 -L/apps/intel-ct/composer_xe_2011_sp1.9.293/compiler/lib/intel64 -L/plush/dugong/usr/bin/../lib/gcc/x86_64-redhat-linux/4.4.7 -L/plush/dugong/usr/bin/../lib/gcc -L/usr/lib/gcc/x86_64-redhat-linux/4.4.7 -L/plush/dugong/usr/bin/../lib/gcc/x86_64-redhat-linux/4.4.7/../../../../lib64 -L/lib/../lib64 -L/usr/lib/../lib64 -L/apps/openmpi/1.6.3/lib/Intel -L/apps/openmpi/1.6.3/lib/GNU -L/apps/openmpi/1.6.3/lib -L/apps/openmpi/1.6.3/lib/profilers -L/apps/intel-ct/12.1.9.293/cc/lib/intel64 -L/apps/intel-ct/12.1.9.293/fc/lib/intel64 -L/plush/dugong/usr/bin/../lib/gcc/x86_64-redhat-linux/4.4.7/../../.. -L/lib64 -L/lib -L/usr/lib64 -L/usr/lib CMakeFiles/cmTC_65902.dir/CMakeCCompilerABI.c.o -Bstatic -limf -lsvml -Bdynamic -lm -Bstatic -lipgo -ldecimal --as-needed -Bdynamic -lcilkrts -lstdc++ --no-as-needed -lgcc -lgcc_s -Bstatic -lirc -Bdynamic -lc -lgcc -lgcc_s -Bstatic -lirc_s -Bdynamic -ldl -lc /plush/dugong/usr/bin/../lib/gcc/x86_64-redhat-linux/4.4.7/crtend.o /plush/dugong/usr/bin/../lib/gcc/x86_64-redhat-linux/4.4.7/../../../../lib64/crtn.o]
    arg [ld] ==> ignore
    arg [/plush/dugong/usr/bin/../lib/gcc/x86_64-redhat-linux/4.4.7/../../../../lib64/crt1.o] ==> ignore
    arg [/plush/dugong/usr/bin/../lib/gcc/x86_64-redhat-linux/4.4.7/../../../../lib64/crti.o] ==> ignore
    arg [/plush/dugong/usr/bin/../lib/gcc/x86_64-redhat-linux/4.4.7/crtbegin.o] ==> ignore
    arg [--eh-frame-hdr] ==> ignore
    arg [--build-id] ==> ignore
    arg [-dynamic-linker] ==> ignore
    arg [/lib64/ld-linux-x86-64.so.2] ==> ignore
    arg [-o] ==> ignore
    arg [cmTC_65902] ==> ignore
    arg [-L/apps/openmpi/1.6.3/lib/Intel] ==> dir [/apps/openmpi/1.6.3/lib/Intel]
    arg [-L/apps/openmpi/1.6.3/lib] ==> dir [/apps/openmpi/1.6.3/lib]
    arg [-L/apps/openmpi/1.6.3/lib/profilers] ==> dir [/apps/openmpi/1.6.3/lib/profilers]
    arg [-L/apps/intel-ct/12.1.9.293/cc/lib/intel64] ==> dir [/apps/intel-ct/12.1.9.293/cc/lib/intel64]
    arg [-L/apps/intel-ct/12.1.9.293/fc/lib/intel64] ==> dir [/apps/intel-ct/12.1.9.293/fc/lib/intel64]
    arg [-L/apps/intel-ct/composer_xe_2011_sp1.9.293/compiler/lib/intel64] ==> dir [/apps/intel-ct/composer_xe_2011_sp1.9.293/compiler/lib/intel64]
    arg [-L/plush/dugong/usr/bin/../lib/gcc/x86_64-redhat-linux/4.4.7] ==> dir [/plush/dugong/usr/bin/../lib/gcc/x86_64-redhat-linux/4.4.7]
    arg [-L/plush/dugong/usr/bin/../lib/gcc] ==> dir [/plush/dugong/usr/bin/../lib/gcc]
    arg [-L/usr/lib/gcc/x86_64-redhat-linux/4.4.7] ==> dir [/usr/lib/gcc/x86_64-redhat-linux/4.4.7]
    arg [-L/plush/dugong/usr/bin/../lib/gcc/x86_64-redhat-linux/4.4.7/../../../../lib64] ==> dir [/plush/dugong/usr/bin/../lib/gcc/x86_64-redhat-linux/4.4.7/../../../../lib64]
    arg [-L/lib/../lib64] ==> dir [/lib/../lib64]
    arg [-L/usr/lib/../lib64] ==> dir [/usr/lib/../lib64]
    arg [-L/apps/openmpi/1.6.3/lib/Intel] ==> dir [/apps/openmpi/1.6.3/lib/Intel]
    arg [-L/apps/openmpi/1.6.3/lib/GNU] ==> dir [/apps/openmpi/1.6.3/lib/GNU]
    arg [-L/apps/openmpi/1.6.3/lib] ==> dir [/apps/openmpi/1.6.3/lib]
    arg [-L/apps/openmpi/1.6.3/lib/profilers] ==> dir [/apps/openmpi/1.6.3/lib/profilers]
    arg [-L/apps/intel-ct/12.1.9.293/cc/lib/intel64] ==> dir [/apps/intel-ct/12.1.9.293/cc/lib/intel64]
    arg [-L/apps/intel-ct/12.1.9.293/fc/lib/intel64] ==> dir [/apps/intel-ct/12.1.9.293/fc/lib/intel64]
    arg [-L/plush/dugong/usr/bin/../lib/gcc/x86_64-redhat-linux/4.4.7/../../..] ==> dir [/plush/dugong/usr/bin/../lib/gcc/x86_64-redhat-linux/4.4.7/../../..]
    arg [-L/lib64] ==> dir [/lib64]
    arg [-L/lib] ==> dir [/lib]
    arg [-L/usr/lib64] ==> dir [/usr/lib64]
    arg [-L/usr/lib] ==> dir [/usr/lib]
    arg [CMakeFiles/cmTC_65902.dir/CMakeCCompilerABI.c.o] ==> ignore
    arg [-Bstatic] ==> ignore
    arg [-limf] ==> lib [imf]
    arg [-lsvml] ==> lib [svml]
    arg [-Bdynamic] ==> ignore
    arg [-lm] ==> lib [m]
    arg [-Bstatic] ==> ignore
    arg [-lipgo] ==> lib [ipgo]
    arg [-ldecimal] ==> lib [decimal]
    arg [--as-needed] ==> ignore
    arg [-Bdynamic] ==> ignore
    arg [-lcilkrts] ==> lib [cilkrts]
    arg [-lstdc++] ==> lib [stdc++]
    arg [--no-as-needed] ==> ignore
    arg [-lgcc] ==> lib [gcc]
    arg [-lgcc_s] ==> lib [gcc_s]
    arg [-Bstatic] ==> ignore
    arg [-lirc] ==> lib [irc]
    arg [-Bdynamic] ==> ignore
    arg [-lc] ==> lib [c]
    arg [-lgcc] ==> lib [gcc]
    arg [-lgcc_s] ==> lib [gcc_s]
    arg [-Bstatic] ==> ignore
    arg [-lirc_s] ==> lib [irc_s]
    arg [-Bdynamic] ==> ignore
    arg [-ldl] ==> lib [dl]
    arg [-lc] ==> lib [c]
    arg [/plush/dugong/usr/bin/../lib/gcc/x86_64-redhat-linux/4.4.7/crtend.o] ==> ignore
    arg [/plush/dugong/usr/bin/../lib/gcc/x86_64-redhat-linux/4.4.7/../../../../lib64/crtn.o] ==> ignore
  remove lib [gcc]
  remove lib [gcc_s]
  remove lib [gcc]
  remove lib [gcc_s]
  collapse library dir [/apps/openmpi/1.6.3/lib/Intel] ==> [/apps/openmpi/1.6.3/lib/Intel]
  collapse library dir [/apps/openmpi/1.6.3/lib] ==> [/apps/openmpi/1.6.3/lib]
  collapse library dir [/apps/openmpi/1.6.3/lib/profilers] ==> [/apps/openmpi/1.6.3/lib/profilers]
  collapse library dir [/apps/intel-ct/12.1.9.293/cc/lib/intel64] ==> [/apps/intel-ct/12.1.9.293/cc/lib/intel64]
  collapse library dir [/apps/intel-ct/12.1.9.293/fc/lib/intel64] ==> [/apps/intel-ct/12.1.9.293/fc/lib/intel64]
  collapse library dir [/apps/intel-ct/composer_xe_2011_sp1.9.293/compiler/lib/intel64] ==> [/apps/intel-ct/composer_xe_2011_sp1.9.293/compiler/lib/intel64]
  collapse library dir [/plush/dugong/usr/bin/../lib/gcc/x86_64-redhat-linux/4.4.7] ==> [/plush/dugong/usr/lib/gcc/x86_64-redhat-linux/4.4.7]
  collapse library dir [/plush/dugong/usr/bin/../lib/gcc] ==> [/plush/dugong/usr/lib/gcc]
  collapse library dir [/usr/lib/gcc/x86_64-redhat-linux/4.4.7] ==> [/usr/lib/gcc/x86_64-redhat-linux/4.4.7]
  collapse library dir [/plush/dugong/usr/bin/../lib/gcc/x86_64-redhat-linux/4.4.7/../../../../lib64] ==> [/plush/dugong/usr/lib64]
  collapse library dir [/lib/../lib64] ==> [/lib64]
  collapse library dir [/usr/lib/../lib64] ==> [/usr/lib64]
  collapse library dir [/apps/openmpi/1.6.3/lib/Intel] ==> [/apps/openmpi/1.6.3/lib/Intel]
  collapse library dir [/apps/openmpi/1.6.3/lib/GNU] ==> [/apps/openmpi/1.6.3/lib/GNU]
  collapse library dir [/apps/openmpi/1.6.3/lib] ==> [/apps/openmpi/1.6.3/lib]
  collapse library dir [/apps/openmpi/1.6.3/lib/profilers] ==> [/apps/openmpi/1.6.3/lib/profilers]
  collapse library dir [/apps/intel-ct/12.1.9.293/cc/lib/intel64] ==> [/apps/intel-ct/12.1.9.293/cc/lib/intel64]
  collapse library dir [/apps/intel-ct/12.1.9.293/fc/lib/intel64] ==> [/apps/intel-ct/12.1.9.293/fc/lib/intel64]
  collapse library dir [/plush/dugong/usr/bin/../lib/gcc/x86_64-redhat-linux/4.4.7/../../..] ==> [/plush/dugong/usr/lib]
  collapse library dir [/lib64] ==> [/lib64]
  collapse library dir [/lib] ==> [/lib]
  collapse library dir [/usr/lib64] ==> [/usr/lib64]
  collapse library dir [/usr/lib] ==> [/usr/lib]
  implicit libs: [imf;svml;m;ipgo;decimal;cilkrts;stdc++;irc;c;irc_s;dl;c]
  implicit dirs: [/apps/openmpi/1.6.3/lib/Intel;/apps/openmpi/1.6.3/lib;/apps/openmpi/1.6.3/lib/profilers;/apps/intel-ct/12.1.9.293/cc/lib/intel64;/apps/intel-ct/12.1.9.293/fc/lib/intel64;/apps/intel-ct/composer_xe_2011_sp1.9.293/compiler/lib/intel64;/plush/dugong/usr/lib/gcc/x86_64-redhat-linux/4.4.7;/plush/dugong/usr/lib/gcc;/usr/lib/gcc/x86_64-redhat-linux/4.4.7;/plush/dugong/usr/lib64;/lib64;/usr/lib64;/apps/openmpi/1.6.3/lib/GNU;/plush/dugong/usr/lib;/lib;/usr/lib]
  implicit fwks: []




Detecting C [-std=c99] compiler features compiled with the following output:
Change Dir: /home/595/cxj595/thesis/GAP/CMakeFiles/CMakeTmp

Run Build Command:"/usr/bin/gmake" "cmTC_39d64/fast"
/usr/bin/gmake -f CMakeFiles/cmTC_39d64.dir/build.make CMakeFiles/cmTC_39d64.dir/build
gmake[1]: Entering directory `/home/595/cxj595/thesis/GAP/CMakeFiles/CMakeTmp'
Building C object CMakeFiles/cmTC_39d64.dir/feature_tests.c.o
/apps/intel-ct/cc-wrapper/icc   -std=c99 -o CMakeFiles/cmTC_39d64.dir/feature_tests.c.o   -c /home/595/cxj595/thesis/GAP/CMakeFiles/feature_tests.c
Linking C executable cmTC_39d64
/apps/CMake/3.8.2/bin/cmake -E cmake_link_script CMakeFiles/cmTC_39d64.dir/link.txt --verbose=1
/apps/intel-ct/cc-wrapper/icc      CMakeFiles/cmTC_39d64.dir/feature_tests.c.o  -o cmTC_39d64 
gmake[1]: Leaving directory `/home/595/cxj595/thesis/GAP/CMakeFiles/CMakeTmp'


    Feature record: C_FEATURE:1c_function_prototypes
    Feature record: C_FEATURE:1c_restrict
    Feature record: C_FEATURE:0c_static_assert
    Feature record: C_FEATURE:1c_variadic_macros


Detecting C [-std=c89] compiler features compiled with the following output:
Change Dir: /home/595/cxj595/thesis/GAP/CMakeFiles/CMakeTmp

Run Build Command:"/usr/bin/gmake" "cmTC_dfb3e/fast"
/usr/bin/gmake -f CMakeFiles/cmTC_dfb3e.dir/build.make CMakeFiles/cmTC_dfb3e.dir/build
gmake[1]: Entering directory `/home/595/cxj595/thesis/GAP/CMakeFiles/CMakeTmp'
Building C object CMakeFiles/cmTC_dfb3e.dir/feature_tests.c.o
/apps/intel-ct/cc-wrapper/icc   -std=c89 -o CMakeFiles/cmTC_dfb3e.dir/feature_tests.c.o   -c /home/595/cxj595/thesis/GAP/CMakeFiles/feature_tests.c
Linking C executable cmTC_dfb3e
/apps/CMake/3.8.2/bin/cmake -E cmake_link_script CMakeFiles/cmTC_dfb3e.dir/link.txt --verbose=1
/apps/intel-ct/cc-wrapper/icc      CMakeFiles/cmTC_dfb3e.dir/feature_tests.c.o  -o cmTC_dfb3e 
gmake[1]: Leaving directory `/home/595/cxj595/thesis/GAP/CMakeFiles/CMakeTmp'


    Feature record: C_FEATURE:1c_function_prototypes
    Feature record: C_FEATURE:0c_restrict
    Feature record: C_FEATURE:0c_static_assert
    Feature record: C_FEATURE:0c_variadic_macros
Determining if the CXX compiler works passed with the following output:
Change Dir: /home/595/cxj595/thesis/GAP/CMakeFiles/CMakeTmp

Run Build Command:"/usr/bin/gmake" "cmTC_c40b9/fast"
/usr/bin/gmake -f CMakeFiles/cmTC_c40b9.dir/build.make CMakeFiles/cmTC_c40b9.dir/build
gmake[1]: Entering directory `/home/595/cxj595/thesis/GAP/CMakeFiles/CMakeTmp'
Building CXX object CMakeFiles/cmTC_c40b9.dir/testCXXCompiler.cxx.o
/apps/intel-ct/cc-wrapper/icpc     -o CMakeFiles/cmTC_c40b9.dir/testCXXCompiler.cxx.o -c /home/595/cxj595/thesis/GAP/CMakeFiles/CMakeTmp/testCXXCompiler.cxx
Linking CXX executable cmTC_c40b9
/apps/CMake/3.8.2/bin/cmake -E cmake_link_script CMakeFiles/cmTC_c40b9.dir/link.txt --verbose=1
/apps/intel-ct/cc-wrapper/icpc       CMakeFiles/cmTC_c40b9.dir/testCXXCompiler.cxx.o  -o cmTC_c40b9 
gmake[1]: Leaving directory `/home/595/cxj595/thesis/GAP/CMakeFiles/CMakeTmp'


Detecting CXX compiler ABI info compiled with the following output:
Change Dir: /home/595/cxj595/thesis/GAP/CMakeFiles/CMakeTmp

Run Build Command:"/usr/bin/gmake" "cmTC_82106/fast"
/usr/bin/gmake -f CMakeFiles/cmTC_82106.dir/build.make CMakeFiles/cmTC_82106.dir/build
gmake[1]: Entering directory `/home/595/cxj595/thesis/GAP/CMakeFiles/CMakeTmp'
Building CXX object CMakeFiles/cmTC_82106.dir/CMakeCXXCompilerABI.cpp.o
/apps/intel-ct/cc-wrapper/icpc     -o CMakeFiles/cmTC_82106.dir/CMakeCXXCompilerABI.cpp.o -c /apps/CMake/3.8.2/share/cmake-3.8/Modules/CMakeCXXCompilerABI.cpp
Linking CXX executable cmTC_82106
/apps/CMake/3.8.2/bin/cmake -E cmake_link_script CMakeFiles/cmTC_82106.dir/link.txt --verbose=1
/apps/intel-ct/cc-wrapper/icpc      -v CMakeFiles/cmTC_82106.dir/CMakeCXXCompilerABI.cpp.o  -o cmTC_82106 
icpc version 12.1.3 (gcc version 4.4.7 compatibility)
/apps/intel-ct/composer_xe_2011_sp1.9.293/bin/intel64/mcpcom    -mP1OPT_version=12.1-intel64 -mGLOB_diag_file=CMakeFiles/cmTC_82106.dir/CMakeCXXCompilerABI.cpp.diag -mP1OPT_print_version=FALSE -mCG_use_gas_got_workaround=F -mP2OPT_align_option_used=TRUE -mGLOB_gcc_version=447 "-mGLOB_options_string=-v -o cmTC_82106" -mGLOB_cxx_limited_range=FALSE -mCG_extend_parms=FALSE -mGLOB_as_output_backup_file_name=/short/c38/cxj595/tmp/icpcnnXwAZas_.s -mIPOPT_activate -mGLOB_machine_model=GLOB_MACHINE_MODEL_EFI2 -mGLOB_product_id_code=0x22006d8b -mCG_bnl_movbe=T -mP3OPT_use_mspp_call_convention -mPGOPTI_value_profile_use=T -mP2OPT_il0_array_sections=TRUE -mP2OPT_hlo -mP2OPT_hpo_rtt_control=0 -mIPOPT_args_in_regs=0 -mP2OPT_disam_assume_nonstd_intent_in=FALSE -mGLOB_imf_mapping_library=/apps/intel-ct/composer_xe_2011_sp1.9.293/bin/intel64/libiml_attr.so -mIPOPT_link -mIPOPT_ipo_activate -mIPOPT_mo_activate -mIPOPT_source_files_list=/short/c38/cxj595/tmp/icpcVZDEaBslis -mIPOPT_mo_global_data -mIPOPT_link_script_file=/short/c38/cxj595/tmp/icpcp4l6X3script "-mIPOPT_link_version=2.20.51.0.2-5.47.el6_9.1 20100205" "-mIPOPT_cmdline_link="/plush/dugong/usr/bin/../lib/gcc/x86_64-redhat-linux/4.4.7/../../../../lib64/crt1.o" "/plush/dugong/usr/bin/../lib/gcc/x86_64-redhat-linux/4.4.7/../../../../lib64/crti.o" "/plush/dugong/usr/bin/../lib/gcc/x86_64-redhat-linux/4.4.7/crtbegin.o" "--eh-frame-hdr" "--build-id" "-dynamic-linker" "/lib64/ld-linux-x86-64.so.2" "-o" "cmTC_82106" "-L/apps/openmpi/1.6.3/lib/Intel" "-L/apps/openmpi/1.6.3/lib" "-L/apps/openmpi/1.6.3/lib/profilers" "-L/apps/intel-ct/12.1.9.293/cc/lib/intel64" "-L/apps/intel-ct/12.1.9.293/fc/lib/intel64" "-L/apps/intel-ct/composer_xe_2011_sp1.9.293/compiler/lib/intel64" "-L/plush/dugong/usr/bin/../lib/gcc/x86_64-redhat-linux/4.4.7" "-L/plush/dugong/usr/bin/../lib/gcc" "-L/usr/lib/gcc/x86_64-redhat-linux/4.4.7" "-L/plush/dugong/usr/bin/../lib/gcc/x86_64-redhat-linux/4.4.7/../../../../lib64" "-L/lib/../lib64" "-L/usr/lib/../lib64" "-L/apps/openmpi/1.6.3/lib/Intel" "-L/apps/openmpi/1.6.3/lib/GNU" "-L/apps/openmpi/1.6.3/lib" "-L/apps/openmpi/1.6.3/lib/profilers" "-L/apps/intel-ct/12.1.9.293/cc/lib/intel64" "-L/apps/intel-ct/12.1.9.293/fc/lib/intel64" "-L/plush/dugong/usr/bin/../lib/gcc/x86_64-redhat-linux/4.4.7/../../.." "-L/lib64" "-L/lib" "-L/usr/lib64" "-L/usr/lib" "CMakeFiles/cmTC_82106.dir/CMakeCXXCompilerABI.cpp.o" "-Bstatic" "-limf" "-lsvml" "-Bdynamic" "-lm" "-Bstatic" "-lipgo" "-ldecimal" "--as-needed" "-Bdynamic" "-lcilkrts" "--no-as-needed" "-lstdc++" "-lgcc" "-lgcc_s" "-Bstatic" "-lirc" "-Bdynamic" "-lc" "-lgcc" "-lgcc_s" "-Bstatic" "-lirc_s" "-Bdynamic" "-ldl" "-lc" "/plush/dugong/usr/bin/../lib/gcc/x86_64-redhat-linux/4.4.7/crtend.o" "/plush/dugong/usr/bin/../lib/gcc/x86_64-redhat-linux/4.4.7/../../../../lib64/crtn.o"" -mIPOPT_il_in_obj -mIPOPT_ipo_activate_warn=FALSE -mIPOPT_obj_output_file_name=/short/c38/cxj595/tmp/ipo_icpcYnB9pO.o "-mGLOB_linker_version=2.20.51.0.2-5.47.el6_9.1 20100205" -mGLOB_long_size_64 -mGLOB_routine_pointer_size_64 -mP3OPT_asm_target=P3OPT_ASM_TARGET_GAS -mGLOB_async_unwind_tables=TRUE -mGLOB_obj_output_file=/short/c38/cxj595/tmp/ipo_icpcYnB9pO.o -mGLOB_source_dialect=GLOB_SOURCE_DIALECT_NONE -mP1OPT_source_file_name=ipo_out.c CMakeFiles/cmTC_82106.dir/CMakeCXXCompilerABI.cpp.o -mIPOPT_object_files=/short/c38/cxj595/tmp/icpc13lYcholis -mIPOPT_assembly_files=/short/c38/cxj595/tmp/icpcRisUZJalis -mIPOPT_generated_tempfiles=/short/c38/cxj595/tmp/icpcfaKWMcelis -mIPOPT_embedded_object_base_name=/short/c38/cxj595/tmp/icpcV4Z4zFeobj -mIPOPT_cmdline_link_new_name=/short/c38/cxj595/tmp/icpcoGPjn8llis
ld    /plush/dugong/usr/bin/../lib/gcc/x86_64-redhat-linux/4.4.7/../../../../lib64/crt1.o /plush/dugong/usr/bin/../lib/gcc/x86_64-redhat-linux/4.4.7/../../../../lib64/crti.o /plush/dugong/usr/bin/../lib/gcc/x86_64-redhat-linux/4.4.7/crtbegin.o --eh-frame-hdr --build-id -dynamic-linker /lib64/ld-linux-x86-64.so.2 -o cmTC_82106 -L/apps/openmpi/1.6.3/lib/Intel -L/apps/openmpi/1.6.3/lib -L/apps/openmpi/1.6.3/lib/profilers -L/apps/intel-ct/12.1.9.293/cc/lib/intel64 -L/apps/intel-ct/12.1.9.293/fc/lib/intel64 -L/apps/intel-ct/composer_xe_2011_sp1.9.293/compiler/lib/intel64 -L/plush/dugong/usr/bin/../lib/gcc/x86_64-redhat-linux/4.4.7 -L/plush/dugong/usr/bin/../lib/gcc -L/usr/lib/gcc/x86_64-redhat-linux/4.4.7 -L/plush/dugong/usr/bin/../lib/gcc/x86_64-redhat-linux/4.4.7/../../../../lib64 -L/lib/../lib64 -L/usr/lib/../lib64 -L/apps/openmpi/1.6.3/lib/Intel -L/apps/openmpi/1.6.3/lib/GNU -L/apps/openmpi/1.6.3/lib -L/apps/openmpi/1.6.3/lib/profilers -L/apps/intel-ct/12.1.9.293/cc/lib/intel64 -L/apps/intel-ct/12.1.9.293/fc/lib/intel64 -L/plush/dugong/usr/bin/../lib/gcc/x86_64-redhat-linux/4.4.7/../../.. -L/lib64 -L/lib -L/usr/lib64 -L/usr/lib CMakeFiles/cmTC_82106.dir/CMakeCXXCompilerABI.cpp.o -Bstatic -limf -lsvml -Bdynamic -lm -Bstatic -lipgo -ldecimal --as-needed -Bdynamic -lcilkrts --no-as-needed -lstdc++ -lgcc -lgcc_s -Bstatic -lirc -Bdynamic -lc -lgcc -lgcc_s -Bstatic -lirc_s -Bdynamic -ldl -lc /plush/dugong/usr/bin/../lib/gcc/x86_64-redhat-linux/4.4.7/crtend.o /plush/dugong/usr/bin/../lib/gcc/x86_64-redhat-linux/4.4.7/../../../../lib64/crtn.o
gmake[1]: Leaving directory `/home/595/cxj595/thesis/GAP/CMakeFiles/CMakeTmp'


Parsed CXX implicit link information from above output:
  link line regex: [^( *|.*[/\])(ld|([^/\]+-)?ld|collect2)[^/\]*( |$)]
  ignore line: [Change Dir: /home/595/cxj595/thesis/GAP/CMakeFiles/CMakeTmp]
  ignore line: []
  ignore line: [Run Build Command:"/usr/bin/gmake" "cmTC_82106/fast"]
  ignore line: [/usr/bin/gmake -f CMakeFiles/cmTC_82106.dir/build.make CMakeFiles/cmTC_82106.dir/build]
  ignore line: [gmake[1]: Entering directory `/home/595/cxj595/thesis/GAP/CMakeFiles/CMakeTmp']
  ignore line: [Building CXX object CMakeFiles/cmTC_82106.dir/CMakeCXXCompilerABI.cpp.o]
  ignore line: [/apps/intel-ct/cc-wrapper/icpc     -o CMakeFiles/cmTC_82106.dir/CMakeCXXCompilerABI.cpp.o -c /apps/CMake/3.8.2/share/cmake-3.8/Modules/CMakeCXXCompilerABI.cpp]
  ignore line: [Linking CXX executable cmTC_82106]
  ignore line: [/apps/CMake/3.8.2/bin/cmake -E cmake_link_script CMakeFiles/cmTC_82106.dir/link.txt --verbose=1]
  ignore line: [/apps/intel-ct/cc-wrapper/icpc      -v CMakeFiles/cmTC_82106.dir/CMakeCXXCompilerABI.cpp.o  -o cmTC_82106 ]
  ignore line: [icpc version 12.1.3 (gcc version 4.4.7 compatibility)]
  ignore line: [/apps/intel-ct/composer_xe_2011_sp1.9.293/bin/intel64/mcpcom    -mP1OPT_version=12.1-intel64 -mGLOB_diag_file=CMakeFiles/cmTC_82106.dir/CMakeCXXCompilerABI.cpp.diag -mP1OPT_print_version=FALSE -mCG_use_gas_got_workaround=F -mP2OPT_align_option_used=TRUE -mGLOB_gcc_version=447 "-mGLOB_options_string=-v -o cmTC_82106" -mGLOB_cxx_limited_range=FALSE -mCG_extend_parms=FALSE -mGLOB_as_output_backup_file_name=/short/c38/cxj595/tmp/icpcnnXwAZas_.s -mIPOPT_activate -mGLOB_machine_model=GLOB_MACHINE_MODEL_EFI2 -mGLOB_product_id_code=0x22006d8b -mCG_bnl_movbe=T -mP3OPT_use_mspp_call_convention -mPGOPTI_value_profile_use=T -mP2OPT_il0_array_sections=TRUE -mP2OPT_hlo -mP2OPT_hpo_rtt_control=0 -mIPOPT_args_in_regs=0 -mP2OPT_disam_assume_nonstd_intent_in=FALSE -mGLOB_imf_mapping_library=/apps/intel-ct/composer_xe_2011_sp1.9.293/bin/intel64/libiml_attr.so -mIPOPT_link -mIPOPT_ipo_activate -mIPOPT_mo_activate -mIPOPT_source_files_list=/short/c38/cxj595/tmp/icpcVZDEaBslis -mIPOPT_mo_global_data -mIPOPT_link_script_file=/short/c38/cxj595/tmp/icpcp4l6X3script "-mIPOPT_link_version=2.20.51.0.2-5.47.el6_9.1 20100205" "-mIPOPT_cmdline_link="/plush/dugong/usr/bin/../lib/gcc/x86_64-redhat-linux/4.4.7/../../../../lib64/crt1.o" "/plush/dugong/usr/bin/../lib/gcc/x86_64-redhat-linux/4.4.7/../../../../lib64/crti.o" "/plush/dugong/usr/bin/../lib/gcc/x86_64-redhat-linux/4.4.7/crtbegin.o" "--eh-frame-hdr" "--build-id" "-dynamic-linker" "/lib64/ld-linux-x86-64.so.2" "-o" "cmTC_82106" "-L/apps/openmpi/1.6.3/lib/Intel" "-L/apps/openmpi/1.6.3/lib" "-L/apps/openmpi/1.6.3/lib/profilers" "-L/apps/intel-ct/12.1.9.293/cc/lib/intel64" "-L/apps/intel-ct/12.1.9.293/fc/lib/intel64" "-L/apps/intel-ct/composer_xe_2011_sp1.9.293/compiler/lib/intel64" "-L/plush/dugong/usr/bin/../lib/gcc/x86_64-redhat-linux/4.4.7" "-L/plush/dugong/usr/bin/../lib/gcc" "-L/usr/lib/gcc/x86_64-redhat-linux/4.4.7" "-L/plush/dugong/usr/bin/../lib/gcc/x86_64-redhat-linux/4.4.7/../../../../lib64" "-L/lib/../lib64" "-L/usr/lib/../lib64" "-L/apps/openmpi/1.6.3/lib/Intel" "-L/apps/openmpi/1.6.3/lib/GNU" "-L/apps/openmpi/1.6.3/lib" "-L/apps/openmpi/1.6.3/lib/profilers" "-L/apps/intel-ct/12.1.9.293/cc/lib/intel64" "-L/apps/intel-ct/12.1.9.293/fc/lib/intel64" "-L/plush/dugong/usr/bin/../lib/gcc/x86_64-redhat-linux/4.4.7/../../.." "-L/lib64" "-L/lib" "-L/usr/lib64" "-L/usr/lib" "CMakeFiles/cmTC_82106.dir/CMakeCXXCompilerABI.cpp.o" "-Bstatic" "-limf" "-lsvml" "-Bdynamic" "-lm" "-Bstatic" "-lipgo" "-ldecimal" "--as-needed" "-Bdynamic" "-lcilkrts" "--no-as-needed" "-lstdc++" "-lgcc" "-lgcc_s" "-Bstatic" "-lirc" "-Bdynamic" "-lc" "-lgcc" "-lgcc_s" "-Bstatic" "-lirc_s" "-Bdynamic" "-ldl" "-lc" "/plush/dugong/usr/bin/../lib/gcc/x86_64-redhat-linux/4.4.7/crtend.o" "/plush/dugong/usr/bin/../lib/gcc/x86_64-redhat-linux/4.4.7/../../../../lib64/crtn.o"" -mIPOPT_il_in_obj -mIPOPT_ipo_activate_warn=FALSE -mIPOPT_obj_output_file_name=/short/c38/cxj595/tmp/ipo_icpcYnB9pO.o "-mGLOB_linker_version=2.20.51.0.2-5.47.el6_9.1 20100205" -mGLOB_long_size_64 -mGLOB_routine_pointer_size_64 -mP3OPT_asm_target=P3OPT_ASM_TARGET_GAS -mGLOB_async_unwind_tables=TRUE -mGLOB_obj_output_file=/short/c38/cxj595/tmp/ipo_icpcYnB9pO.o -mGLOB_source_dialect=GLOB_SOURCE_DIALECT_NONE -mP1OPT_source_file_name=ipo_out.c CMakeFiles/cmTC_82106.dir/CMakeCXXCompilerABI.cpp.o -mIPOPT_object_files=/short/c38/cxj595/tmp/icpc13lYcholis -mIPOPT_assembly_files=/short/c38/cxj595/tmp/icpcRisUZJalis -mIPOPT_generated_tempfiles=/short/c38/cxj595/tmp/icpcfaKWMcelis -mIPOPT_embedded_object_base_name=/short/c38/cxj595/tmp/icpcV4Z4zFeobj -mIPOPT_cmdline_link_new_name=/short/c38/cxj595/tmp/icpcoGPjn8llis]
  link line: [ld    /plush/dugong/usr/bin/../lib/gcc/x86_64-redhat-linux/4.4.7/../../../../lib64/crt1.o /plush/dugong/usr/bin/../lib/gcc/x86_64-redhat-linux/4.4.7/../../../../lib64/crti.o /plush/dugong/usr/bin/../lib/gcc/x86_64-redhat-linux/4.4.7/crtbegin.o --eh-frame-hdr --build-id -dynamic-linker /lib64/ld-linux-x86-64.so.2 -o cmTC_82106 -L/apps/openmpi/1.6.3/lib/Intel -L/apps/openmpi/1.6.3/lib -L/apps/openmpi/1.6.3/lib/profilers -L/apps/intel-ct/12.1.9.293/cc/lib/intel64 -L/apps/intel-ct/12.1.9.293/fc/lib/intel64 -L/apps/intel-ct/composer_xe_2011_sp1.9.293/compiler/lib/intel64 -L/plush/dugong/usr/bin/../lib/gcc/x86_64-redhat-linux/4.4.7 -L/plush/dugong/usr/bin/../lib/gcc -L/usr/lib/gcc/x86_64-redhat-linux/4.4.7 -L/plush/dugong/usr/bin/../lib/gcc/x86_64-redhat-linux/4.4.7/../../../../lib64 -L/lib/../lib64 -L/usr/lib/../lib64 -L/apps/openmpi/1.6.3/lib/Intel -L/apps/openmpi/1.6.3/lib/GNU -L/apps/openmpi/1.6.3/lib -L/apps/openmpi/1.6.3/lib/profilers -L/apps/intel-ct/12.1.9.293/cc/lib/intel64 -L/apps/intel-ct/12.1.9.293/fc/lib/intel64 -L/plush/dugong/usr/bin/../lib/gcc/x86_64-redhat-linux/4.4.7/../../.. -L/lib64 -L/lib -L/usr/lib64 -L/usr/lib CMakeFiles/cmTC_82106.dir/CMakeCXXCompilerABI.cpp.o -Bstatic -limf -lsvml -Bdynamic -lm -Bstatic -lipgo -ldecimal --as-needed -Bdynamic -lcilkrts --no-as-needed -lstdc++ -lgcc -lgcc_s -Bstatic -lirc -Bdynamic -lc -lgcc -lgcc_s -Bstatic -lirc_s -Bdynamic -ldl -lc /plush/dugong/usr/bin/../lib/gcc/x86_64-redhat-linux/4.4.7/crtend.o /plush/dugong/usr/bin/../lib/gcc/x86_64-redhat-linux/4.4.7/../../../../lib64/crtn.o]
    arg [ld] ==> ignore
    arg [/plush/dugong/usr/bin/../lib/gcc/x86_64-redhat-linux/4.4.7/../../../../lib64/crt1.o] ==> ignore
    arg [/plush/dugong/usr/bin/../lib/gcc/x86_64-redhat-linux/4.4.7/../../../../lib64/crti.o] ==> ignore
    arg [/plush/dugong/usr/bin/../lib/gcc/x86_64-redhat-linux/4.4.7/crtbegin.o] ==> ignore
    arg [--eh-frame-hdr] ==> ignore
    arg [--build-id] ==> ignore
    arg [-dynamic-linker] ==> ignore
    arg [/lib64/ld-linux-x86-64.so.2] ==> ignore
    arg [-o] ==> ignore
    arg [cmTC_82106] ==> ignore
    arg [-L/apps/openmpi/1.6.3/lib/Intel] ==> dir [/apps/openmpi/1.6.3/lib/Intel]
    arg [-L/apps/openmpi/1.6.3/lib] ==> dir [/apps/openmpi/1.6.3/lib]
    arg [-L/apps/openmpi/1.6.3/lib/profilers] ==> dir [/apps/openmpi/1.6.3/lib/profilers]
    arg [-L/apps/intel-ct/12.1.9.293/cc/lib/intel64] ==> dir [/apps/intel-ct/12.1.9.293/cc/lib/intel64]
    arg [-L/apps/intel-ct/12.1.9.293/fc/lib/intel64] ==> dir [/apps/intel-ct/12.1.9.293/fc/lib/intel64]
    arg [-L/apps/intel-ct/composer_xe_2011_sp1.9.293/compiler/lib/intel64] ==> dir [/apps/intel-ct/composer_xe_2011_sp1.9.293/compiler/lib/intel64]
    arg [-L/plush/dugong/usr/bin/../lib/gcc/x86_64-redhat-linux/4.4.7] ==> dir [/plush/dugong/usr/bin/../lib/gcc/x86_64-redhat-linux/4.4.7]
    arg [-L/plush/dugong/usr/bin/../lib/gcc] ==> dir [/plush/dugong/usr/bin/../lib/gcc]
    arg [-L/usr/lib/gcc/x86_64-redhat-linux/4.4.7] ==> dir [/usr/lib/gcc/x86_64-redhat-linux/4.4.7]
    arg [-L/plush/dugong/usr/bin/../lib/gcc/x86_64-redhat-linux/4.4.7/../../../../lib64] ==> dir [/plush/dugong/usr/bin/../lib/gcc/x86_64-redhat-linux/4.4.7/../../../../lib64]
    arg [-L/lib/../lib64] ==> dir [/lib/../lib64]
    arg [-L/usr/lib/../lib64] ==> dir [/usr/lib/../lib64]
    arg [-L/apps/openmpi/1.6.3/lib/Intel] ==> dir [/apps/openmpi/1.6.3/lib/Intel]
    arg [-L/apps/openmpi/1.6.3/lib/GNU] ==> dir [/apps/openmpi/1.6.3/lib/GNU]
    arg [-L/apps/openmpi/1.6.3/lib] ==> dir [/apps/openmpi/1.6.3/lib]
    arg [-L/apps/openmpi/1.6.3/lib/profilers] ==> dir [/apps/openmpi/1.6.3/lib/profilers]
    arg [-L/apps/intel-ct/12.1.9.293/cc/lib/intel64] ==> dir [/apps/intel-ct/12.1.9.293/cc/lib/intel64]
    arg [-L/apps/intel-ct/12.1.9.293/fc/lib/intel64] ==> dir [/apps/intel-ct/12.1.9.293/fc/lib/intel64]
    arg [-L/plush/dugong/usr/bin/../lib/gcc/x86_64-redhat-linux/4.4.7/../../..] ==> dir [/plush/dugong/usr/bin/../lib/gcc/x86_64-redhat-linux/4.4.7/../../..]
    arg [-L/lib64] ==> dir [/lib64]
    arg [-L/lib] ==> dir [/lib]
    arg [-L/usr/lib64] ==> dir [/usr/lib64]
    arg [-L/usr/lib] ==> dir [/usr/lib]
    arg [CMakeFiles/cmTC_82106.dir/CMakeCXXCompilerABI.cpp.o] ==> ignore
    arg [-Bstatic] ==> ignore
    arg [-limf] ==> lib [imf]
    arg [-lsvml] ==> lib [svml]
    arg [-Bdynamic] ==> ignore
    arg [-lm] ==> lib [m]
    arg [-Bstatic] ==> ignore
    arg [-lipgo] ==> lib [ipgo]
    arg [-ldecimal] ==> lib [decimal]
    arg [--as-needed] ==> ignore
    arg [-Bdynamic] ==> ignore
    arg [-lcilkrts] ==> lib [cilkrts]
    arg [--no-as-needed] ==> ignore
    arg [-lstdc++] ==> lib [stdc++]
    arg [-lgcc] ==> lib [gcc]
    arg [-lgcc_s] ==> lib [gcc_s]
    arg [-Bstatic] ==> ignore
    arg [-lirc] ==> lib [irc]
    arg [-Bdynamic] ==> ignore
    arg [-lc] ==> lib [c]
    arg [-lgcc] ==> lib [gcc]
    arg [-lgcc_s] ==> lib [gcc_s]
    arg [-Bstatic] ==> ignore
    arg [-lirc_s] ==> lib [irc_s]
    arg [-Bdynamic] ==> ignore
    arg [-ldl] ==> lib [dl]
    arg [-lc] ==> lib [c]
    arg [/plush/dugong/usr/bin/../lib/gcc/x86_64-redhat-linux/4.4.7/crtend.o] ==> ignore
    arg [/plush/dugong/usr/bin/../lib/gcc/x86_64-redhat-linux/4.4.7/../../../../lib64/crtn.o] ==> ignore
  remove lib [gcc]
  remove lib [gcc_s]
  remove lib [gcc]
  remove lib [gcc_s]
  collapse library dir [/apps/openmpi/1.6.3/lib/Intel] ==> [/apps/openmpi/1.6.3/lib/Intel]
  collapse library dir [/apps/openmpi/1.6.3/lib] ==> [/apps/openmpi/1.6.3/lib]
  collapse library dir [/apps/openmpi/1.6.3/lib/profilers] ==> [/apps/openmpi/1.6.3/lib/profilers]
  collapse library dir [/apps/intel-ct/12.1.9.293/cc/lib/intel64] ==> [/apps/intel-ct/12.1.9.293/cc/lib/intel64]
  collapse library dir [/apps/intel-ct/12.1.9.293/fc/lib/intel64] ==> [/apps/intel-ct/12.1.9.293/fc/lib/intel64]
  collapse library dir [/apps/intel-ct/composer_xe_2011_sp1.9.293/compiler/lib/intel64] ==> [/apps/intel-ct/composer_xe_2011_sp1.9.293/compiler/lib/intel64]
  collapse library dir [/plush/dugong/usr/bin/../lib/gcc/x86_64-redhat-linux/4.4.7] ==> [/plush/dugong/usr/lib/gcc/x86_64-redhat-linux/4.4.7]
  collapse library dir [/plush/dugong/usr/bin/../lib/gcc] ==> [/plush/dugong/usr/lib/gcc]
  collapse library dir [/usr/lib/gcc/x86_64-redhat-linux/4.4.7] ==> [/usr/lib/gcc/x86_64-redhat-linux/4.4.7]
  collapse library dir [/plush/dugong/usr/bin/../lib/gcc/x86_64-redhat-linux/4.4.7/../../../../lib64] ==> [/plush/dugong/usr/lib64]
  collapse library dir [/lib/../lib64] ==> [/lib64]
  collapse library dir [/usr/lib/../lib64] ==> [/usr/lib64]
  collapse library dir [/apps/openmpi/1.6.3/lib/Intel] ==> [/apps/openmpi/1.6.3/lib/Intel]
  collapse library dir [/apps/openmpi/1.6.3/lib/GNU] ==> [/apps/openmpi/1.6.3/lib/GNU]
  collapse library dir [/apps/openmpi/1.6.3/lib] ==> [/apps/openmpi/1.6.3/lib]
  collapse library dir [/apps/openmpi/1.6.3/lib/profilers] ==> [/apps/openmpi/1.6.3/lib/profilers]
  collapse library dir [/apps/intel-ct/12.1.9.293/cc/lib/intel64] ==> [/apps/intel-ct/12.1.9.293/cc/lib/intel64]
  collapse library dir [/apps/intel-ct/12.1.9.293/fc/lib/intel64] ==> [/apps/intel-ct/12.1.9.293/fc/lib/intel64]
  collapse library dir [/plush/dugong/usr/bin/../lib/gcc/x86_64-redhat-linux/4.4.7/../../..] ==> [/plush/dugong/usr/lib]
  collapse library dir [/lib64] ==> [/lib64]
  collapse library dir [/lib] ==> [/lib]
  collapse library dir [/usr/lib64] ==> [/usr/lib64]
  collapse library dir [/usr/lib] ==> [/usr/lib]
  implicit libs: [imf;svml;m;ipgo;decimal;cilkrts;stdc++;irc;c;irc_s;dl;c]
  implicit dirs: [/apps/openmpi/1.6.3/lib/Intel;/apps/openmpi/1.6.3/lib;/apps/openmpi/1.6.3/lib/profilers;/apps/intel-ct/12.1.9.293/cc/lib/intel64;/apps/intel-ct/12.1.9.293/fc/lib/intel64;/apps/intel-ct/composer_xe_2011_sp1.9.293/compiler/lib/intel64;/plush/dugong/usr/lib/gcc/x86_64-redhat-linux/4.4.7;/plush/dugong/usr/lib/gcc;/usr/lib/gcc/x86_64-redhat-linux/4.4.7;/plush/dugong/usr/lib64;/lib64;/usr/lib64;/apps/openmpi/1.6.3/lib/GNU;/plush/dugong/usr/lib;/lib;/usr/lib]
  implicit fwks: []




Detecting CXX [-std=c++0x] compiler features compiled with the following output:
Change Dir: /home/595/cxj595/thesis/GAP/CMakeFiles/CMakeTmp

Run Build Command:"/usr/bin/gmake" "cmTC_5938a/fast"
/usr/bin/gmake -f CMakeFiles/cmTC_5938a.dir/build.make CMakeFiles/cmTC_5938a.dir/build
gmake[1]: Entering directory `/home/595/cxj595/thesis/GAP/CMakeFiles/CMakeTmp'
Building CXX object CMakeFiles/cmTC_5938a.dir/feature_tests.cxx.o
/apps/intel-ct/cc-wrapper/icpc    -std=c++0x -o CMakeFiles/cmTC_5938a.dir/feature_tests.cxx.o -c /home/595/cxj595/thesis/GAP/CMakeFiles/feature_tests.cxx
Linking CXX executable cmTC_5938a
/apps/CMake/3.8.2/bin/cmake -E cmake_link_script CMakeFiles/cmTC_5938a.dir/link.txt --verbose=1
/apps/intel-ct/cc-wrapper/icpc       CMakeFiles/cmTC_5938a.dir/feature_tests.cxx.o  -o cmTC_5938a 
gmake[1]: Leaving directory `/home/595/cxj595/thesis/GAP/CMakeFiles/CMakeTmp'


    Feature record: CXX_FEATURE:0cxx_aggregate_default_initializers
    Feature record: CXX_FEATURE:1cxx_alias_templates
    Feature record: CXX_FEATURE:0cxx_alignas
    Feature record: CXX_FEATURE:0cxx_alignof
    Feature record: CXX_FEATURE:1cxx_attributes
    Feature record: CXX_FEATURE:0cxx_attribute_deprecated
    Feature record: CXX_FEATURE:1cxx_auto_type
    Feature record: CXX_FEATURE:1cxx_binary_literals
    Feature record: CXX_FEATURE:0cxx_constexpr
    Feature record: CXX_FEATURE:0cxx_contextual_conversions
    Feature record: CXX_FEATURE:1cxx_decltype
    Feature record: CXX_FEATURE:0cxx_decltype_auto
    Feature record: CXX_FEATURE:0cxx_decltype_incomplete_return_types
    Feature record: CXX_FEATURE:1cxx_default_function_template_args
    Feature record: CXX_FEATURE:1cxx_defaulted_functions
    Feature record: CXX_FEATURE:0cxx_defaulted_move_initializers
    Feature record: CXX_FEATURE:0cxx_delegating_constructors
    Feature record: CXX_FEATURE:1cxx_deleted_functions
    Feature record: CXX_FEATURE:0cxx_digit_separators
    Feature record: CXX_FEATURE:0cxx_enum_forward_declarations
    Feature record: CXX_FEATURE:0cxx_explicit_conversions
    Feature record: CXX_FEATURE:1cxx_extended_friend_declarations
    Feature record: CXX_FEATURE:1cxx_extern_templates
    Feature record: CXX_FEATURE:0cxx_final
    Feature record: CXX_FEATURE:1cxx_func_identifier
    Feature record: CXX_FEATURE:0cxx_generic_lambdas
    Feature record: CXX_FEATURE:0cxx_inheriting_constructors
    Feature record: CXX_FEATURE:0cxx_inline_namespaces
    Feature record: CXX_FEATURE:1cxx_lambdas
    Feature record: CXX_FEATURE:0cxx_lambda_init_captures
    Feature record: CXX_FEATURE:1cxx_local_type_template_args
    Feature record: CXX_FEATURE:1cxx_long_long_type
    Feature record: CXX_FEATURE:0cxx_noexcept
    Feature record: CXX_FEATURE:0cxx_nonstatic_member_init
    Feature record: CXX_FEATURE:1cxx_nullptr
    Feature record: CXX_FEATURE:0cxx_override
    Feature record: CXX_FEATURE:0cxx_range_for
    Feature record: CXX_FEATURE:0cxx_raw_string_literals
    Feature record: CXX_FEATURE:0cxx_reference_qualified_functions
    Feature record: CXX_FEATURE:0cxx_relaxed_constexpr
    Feature record: CXX_FEATURE:0cxx_return_type_deduction
    Feature record: CXX_FEATURE:1cxx_right_angle_brackets
    Feature record: CXX_FEATURE:1cxx_rvalue_references
    Feature record: CXX_FEATURE:0cxx_sizeof_member
    Feature record: CXX_FEATURE:1cxx_static_assert
    Feature record: CXX_FEATURE:0cxx_strong_enums
    Feature record: CXX_FEATURE:1cxx_template_template_parameters
    Feature record: CXX_FEATURE:0cxx_thread_local
    Feature record: CXX_FEATURE:1cxx_trailing_return_types
    Feature record: CXX_FEATURE:0cxx_unicode_literals
    Feature record: CXX_FEATURE:0cxx_uniform_initialization
    Feature record: CXX_FEATURE:0cxx_unrestricted_unions
    Feature record: CXX_FEATURE:0cxx_user_literals
    Feature record: CXX_FEATURE:0cxx_variable_templates
    Feature record: CXX_FEATURE:1cxx_variadic_macros
    Feature record: CXX_FEATURE:1cxx_variadic_templates


Detecting CXX [-std=c++98] compiler features compiled with the following output:
Change Dir: /home/595/cxj595/thesis/GAP/CMakeFiles/CMakeTmp

Run Build Command:"/usr/bin/gmake" "cmTC_8ce66/fast"
/usr/bin/gmake -f CMakeFiles/cmTC_8ce66.dir/build.make CMakeFiles/cmTC_8ce66.dir/build
gmake[1]: Entering directory `/home/595/cxj595/thesis/GAP/CMakeFiles/CMakeTmp'
Building CXX object CMakeFiles/cmTC_8ce66.dir/feature_tests.cxx.o
/apps/intel-ct/cc-wrapper/icpc    -std=c++98 -o CMakeFiles/cmTC_8ce66.dir/feature_tests.cxx.o -c /home/595/cxj595/thesis/GAP/CMakeFiles/feature_tests.cxx
icpc: command line warning #10159: invalid argument for option '-std'
Linking CXX executable cmTC_8ce66
/apps/CMake/3.8.2/bin/cmake -E cmake_link_script CMakeFiles/cmTC_8ce66.dir/link.txt --verbose=1
/apps/intel-ct/cc-wrapper/icpc       CMakeFiles/cmTC_8ce66.dir/feature_tests.cxx.o  -o cmTC_8ce66 
gmake[1]: Leaving directory `/home/595/cxj595/thesis/GAP/CMakeFiles/CMakeTmp'


    Feature record: CXX_FEATURE:0cxx_aggregate_default_initializers
    Feature record: CXX_FEATURE:0cxx_alias_templates
    Feature record: CXX_FEATURE:0cxx_alignas
    Feature record: CXX_FEATURE:0cxx_alignof
    Feature record: CXX_FEATURE:0cxx_attributes
    Feature record: CXX_FEATURE:0cxx_attribute_deprecated
    Feature record: CXX_FEATURE:0cxx_auto_type
    Feature record: CXX_FEATURE:1cxx_binary_literals
    Feature record: CXX_FEATURE:0cxx_constexpr
    Feature record: CXX_FEATURE:0cxx_contextual_conversions
    Feature record: CXX_FEATURE:0cxx_decltype
    Feature record: CXX_FEATURE:0cxx_decltype_auto
    Feature record: CXX_FEATURE:0cxx_decltype_incomplete_return_types
    Feature record: CXX_FEATURE:0cxx_default_function_template_args
    Feature record: CXX_FEATURE:0cxx_defaulted_functions
    Feature record: CXX_FEATURE:0cxx_defaulted_move_initializers
    Feature record: CXX_FEATURE:0cxx_delegating_constructors
    Feature record: CXX_FEATURE:0cxx_deleted_functions
    Feature record: CXX_FEATURE:0cxx_digit_separators
    Feature record: CXX_FEATURE:0cxx_enum_forward_declarations
    Feature record: CXX_FEATURE:0cxx_explicit_conversions
    Feature record: CXX_FEATURE:0cxx_extended_friend_declarations
    Feature record: CXX_FEATURE:0cxx_extern_templates
    Feature record: CXX_FEATURE:0cxx_final
    Feature record: CXX_FEATURE:0cxx_func_identifier
    Feature record: CXX_FEATURE:0cxx_generic_lambdas
    Feature record: CXX_FEATURE:0cxx_inheriting_constructors
    Feature record: CXX_FEATURE:0cxx_inline_namespaces
    Feature record: CXX_FEATURE:0cxx_lambdas
    Feature record: CXX_FEATURE:0cxx_lambda_init_captures
    Feature record: CXX_FEATURE:0cxx_local_type_template_args
    Feature record: CXX_FEATURE:0cxx_long_long_type
    Feature record: CXX_FEATURE:0cxx_noexcept
    Feature record: CXX_FEATURE:0cxx_nonstatic_member_init
    Feature record: CXX_FEATURE:0cxx_nullptr
    Feature record: CXX_FEATURE:0cxx_override
    Feature record: CXX_FEATURE:0cxx_range_for
    Feature record: CXX_FEATURE:0cxx_raw_string_literals
    Feature record: CXX_FEATURE:0cxx_reference_qualified_functions
    Feature record: CXX_FEATURE:0cxx_relaxed_constexpr
    Feature record: CXX_FEATURE:0cxx_return_type_deduction
    Feature record: CXX_FEATURE:0cxx_right_angle_brackets
    Feature record: CXX_FEATURE:0cxx_rvalue_references
    Feature record: CXX_FEATURE:0cxx_sizeof_member
    Feature record: CXX_FEATURE:0cxx_static_assert
    Feature record: CXX_FEATURE:0cxx_strong_enums
    Feature record: CXX_FEATURE:0cxx_template_template_parameters
    Feature record: CXX_FEATURE:0cxx_thread_local
    Feature record: CXX_FEATURE:0cxx_trailing_return_types
    Feature record: CXX_FEATURE:0cxx_unicode_literals
    Feature record: CXX_FEATURE:0cxx_uniform_initialization
    Feature record: CXX_FEATURE:0cxx_unrestricted_unions
    Feature record: CXX_FEATURE:0cxx_user_literals
    Feature record: CXX_FEATURE:0cxx_variable_templates
    Feature record: CXX_FEATURE:0cxx_variadic_macros
    Feature record: CXX_FEATURE:0cxx_variadic_templates
